<html>
<head>
<title>TestNG:  Surefire test</title>
<link href="../testng.css" rel="stylesheet" type="text/css" />
<link href="../my-testng.css" rel="stylesheet" type="text/css" />

<style type="text/css">
.log { display: none;} 
.stack-trace { display: none;} 
</style>
<script type="text/javascript">
<!--
function flip(e) {
  current = e.style.display;
  if (current == 'block') {
    e.style.display = 'none';
    return 0;
  }
  else {
    e.style.display = 'block';
    return 1;
  }
}

function toggleBox(szDivId, elem, msg1, msg2)
{
  var res = -1;  if (document.getElementById) {
    res = flip(document.getElementById(szDivId));
  }
  else if (document.all) {
    // this is the way old msie versions work
    res = flip(document.all[szDivId]);
  }
  if(elem) {
    if(res == 0) elem.innerHTML = msg1; else elem.innerHTML = msg2;
  }

}

function toggleAllBoxes() {
  if (document.getElementsByTagName) {
    d = document.getElementsByTagName('div');
    for (i = 0; i < d.length; i++) {
      if (d[i].className == 'log') {
        flip(d[i]);
      }
    }
  }
}

// -->
</script>

</head>
<body>
<h2 align='center'>Surefire test</h2><table border='1' align="center">
<tr>
<td>Tests passed/Failed/Skipped:</td><td>20/0/0</td>
</tr><tr>
<td>Started on:</td><td>Mon Apr 28 10:21:21 CST 2025</td>
</tr>
<tr><td>Total time:</td><td>0 seconds (84 ms)</td>
</tr><tr>
<td>Included groups:</td><td></td>
</tr><tr>
<td>Excluded groups:</td><td></td>
</tr>
</table><p/>
<small><i>(Hover the method name to see the test class name)</i></small><p/>
<table width='100%' border='1' class='invocation-passed'>
<tr><td colspan='4' align='center'><b>PASSED TESTS</b></td></tr>
<tr><td><b>Test method</b></td>
<td width="30%"><b>Exception</b></td>
<td width="10%"><b>Time (seconds)</b></td>
<td><b>Instance</b></td>
</tr>
<tr>
<td title='com.borkacle.bank.tests.BankAccountDataDrivenTest.testDepositWithData()'><b>testDepositWithData</b><br>Test class: com.borkacle.bank.tests.BankAccountDataDrivenTest<br>Parameters: 0.01, 200.01</td>
<td></td>
<td>0</td>
<td>com.borkacle.bank.tests.BankAccountDataDrivenTest@2890c451</td></tr>
<tr>
<td title='com.borkacle.bank.tests.BankAccountGroupTest.testInvalidDeposit()'><b>testInvalidDeposit</b><br>Test class: com.borkacle.bank.tests.BankAccountGroupTest</td>
<td><div><pre>java.lang.IllegalArgumentException: Deposit must be positive
	at com.borkacle.bank.BankAccount.deposit(BankAccount.java:11)
	at com.borkacle.bank.tests.BankAccountGroupTest.testInvalidDeposit(BankAccountGroupTest.java:36)
	at java.base/java.util.ArrayList.forEach(ArrayList.java:1597)
... Removed 30 stack frames</pre></div><a href='#' onClick='toggleBox("stack-trace551479935", this, "Click to show all stack frames", "Click to hide stack frames")'>Click to show all stack frames</a>
<div class='stack-trace' id='stack-trace551479935'><pre>java.lang.IllegalArgumentException: Deposit must be positive
	at com.borkacle.bank.BankAccount.deposit(BankAccount.java:11)
	at com.borkacle.bank.tests.BankAccountGroupTest.testInvalidDeposit(BankAccountGroupTest.java:36)
	at java.base/jdk.internal.reflect.DirectMethodHandleAccessor.invoke(DirectMethodHandleAccessor.java:103)
	at java.base/java.lang.reflect.Method.invoke(Method.java:580)
	at org.testng.internal.MethodInvocationHelper.invokeMethod(MethodInvocationHelper.java:133)
	at org.testng.internal.TestInvoker.invokeMethod(TestInvoker.java:598)
	at org.testng.internal.TestInvoker.invokeTestMethod(TestInvoker.java:173)
	at org.testng.internal.MethodRunner.runInSequence(MethodRunner.java:46)
	at org.testng.internal.TestInvoker$MethodInvocationAgent.invoke(TestInvoker.java:824)
	at org.testng.internal.TestInvoker.invokeTestMethods(TestInvoker.java:146)
	at org.testng.internal.TestMethodWorker.invokeTestMethods(TestMethodWorker.java:146)
	at org.testng.internal.TestMethodWorker.run(TestMethodWorker.java:128)
	at java.base/java.util.ArrayList.forEach(ArrayList.java:1597)
	at org.testng.TestRunner.privateRun(TestRunner.java:794)
	at org.testng.TestRunner.run(TestRunner.java:596)
	at org.testng.SuiteRunner.runTest(SuiteRunner.java:377)
	at org.testng.SuiteRunner.runSequentially(SuiteRunner.java:371)
	at org.testng.SuiteRunner.privateRun(SuiteRunner.java:332)
	at org.testng.SuiteRunner.run(SuiteRunner.java:276)
	at org.testng.SuiteRunnerWorker.runSuite(SuiteRunnerWorker.java:53)
	at org.testng.SuiteRunnerWorker.run(SuiteRunnerWorker.java:96)
	at org.testng.TestNG.runSuitesSequentially(TestNG.java:1212)
	at org.testng.TestNG.runSuitesLocally(TestNG.java:1134)
	at org.testng.TestNG.runSuites(TestNG.java:1063)
	at org.testng.TestNG.run(TestNG.java:1031)
	at org.apache.maven.surefire.testng.TestNGExecutor.run(TestNGExecutor.java:155)
	at org.apache.maven.surefire.testng.TestNGDirectoryTestSuite.executeMulti(TestNGDirectoryTestSuite.java:169)
	at org.apache.maven.surefire.testng.TestNGDirectoryTestSuite.execute(TestNGDirectoryTestSuite.java:88)
	at org.apache.maven.surefire.testng.TestNGProvider.invoke(TestNGProvider.java:137)
	at org.apache.maven.surefire.booter.ForkedBooter.runSuitesInProcess(ForkedBooter.java:385)
	at org.apache.maven.surefire.booter.ForkedBooter.execute(ForkedBooter.java:162)
	at org.apache.maven.surefire.booter.ForkedBooter.run(ForkedBooter.java:507)
	at org.apache.maven.surefire.booter.ForkedBooter.main(ForkedBooter.java:495)
</pre></div></td>
<td>0</td>
<td>com.borkacle.bank.tests.BankAccountGroupTest@6f3b5d16</td></tr>
<tr>
<td title='com.borkacle.bank.tests.BankAccountTest.testWithdrawal()'><b>testWithdrawal</b><br>Test class: com.borkacle.bank.tests.BankAccountTest</td>
<td></td>
<td>0</td>
<td>com.borkacle.bank.tests.BankAccountTest@6646153</td></tr>
<tr>
<td title='com.borkacle.bank.tests.BankAccountGroupTest.testValidDeposit()'><b>testValidDeposit</b><br>Test class: com.borkacle.bank.tests.BankAccountGroupTest</td>
<td></td>
<td>0</td>
<td>com.borkacle.bank.tests.BankAccountGroupTest@6f3b5d16</td></tr>
<tr>
<td title='com.borkacle.bank.tests.BankAccountDataDrivenTest.testWithdrawalWithData()'><b>testWithdrawalWithData</b><br>Test class: com.borkacle.bank.tests.BankAccountDataDrivenTest<br>Parameters: 50.0, 150.0</td>
<td></td>
<td>0</td>
<td>com.borkacle.bank.tests.BankAccountDataDrivenTest@2890c451</td></tr>
<tr>
<td title='com.borkacle.bank.tests.BankAccountExceptionTest.testNegativeWithdrawal()'><b>testNegativeWithdrawal</b><br>Test class: com.borkacle.bank.tests.BankAccountExceptionTest</td>
<td><div><pre>java.lang.IllegalArgumentException: Withdrawal must be positive
	at com.borkacle.bank.BankAccount.withdraw(BankAccount.java:16)
	at com.borkacle.bank.tests.BankAccountExceptionTest.testNegativeWithdrawal(BankAccountExceptionTest.java:27)
	at java.base/java.util.ArrayList.forEach(ArrayList.java:1597)
... Removed 30 stack frames</pre></div><a href='#' onClick='toggleBox("stack-trace1780034814", this, "Click to show all stack frames", "Click to hide stack frames")'>Click to show all stack frames</a>
<div class='stack-trace' id='stack-trace1780034814'><pre>java.lang.IllegalArgumentException: Withdrawal must be positive
	at com.borkacle.bank.BankAccount.withdraw(BankAccount.java:16)
	at com.borkacle.bank.tests.BankAccountExceptionTest.testNegativeWithdrawal(BankAccountExceptionTest.java:27)
	at java.base/jdk.internal.reflect.DirectMethodHandleAccessor.invoke(DirectMethodHandleAccessor.java:103)
	at java.base/java.lang.reflect.Method.invoke(Method.java:580)
	at org.testng.internal.MethodInvocationHelper.invokeMethod(MethodInvocationHelper.java:133)
	at org.testng.internal.TestInvoker.invokeMethod(TestInvoker.java:598)
	at org.testng.internal.TestInvoker.invokeTestMethod(TestInvoker.java:173)
	at org.testng.internal.MethodRunner.runInSequence(MethodRunner.java:46)
	at org.testng.internal.TestInvoker$MethodInvocationAgent.invoke(TestInvoker.java:824)
	at org.testng.internal.TestInvoker.invokeTestMethods(TestInvoker.java:146)
	at org.testng.internal.TestMethodWorker.invokeTestMethods(TestMethodWorker.java:146)
	at org.testng.internal.TestMethodWorker.run(TestMethodWorker.java:128)
	at java.base/java.util.ArrayList.forEach(ArrayList.java:1597)
	at org.testng.TestRunner.privateRun(TestRunner.java:794)
	at org.testng.TestRunner.run(TestRunner.java:596)
	at org.testng.SuiteRunner.runTest(SuiteRunner.java:377)
	at org.testng.SuiteRunner.runSequentially(SuiteRunner.java:371)
	at org.testng.SuiteRunner.privateRun(SuiteRunner.java:332)
	at org.testng.SuiteRunner.run(SuiteRunner.java:276)
	at org.testng.SuiteRunnerWorker.runSuite(SuiteRunnerWorker.java:53)
	at org.testng.SuiteRunnerWorker.run(SuiteRunnerWorker.java:96)
	at org.testng.TestNG.runSuitesSequentially(TestNG.java:1212)
	at org.testng.TestNG.runSuitesLocally(TestNG.java:1134)
	at org.testng.TestNG.runSuites(TestNG.java:1063)
	at org.testng.TestNG.run(TestNG.java:1031)
	at org.apache.maven.surefire.testng.TestNGExecutor.run(TestNGExecutor.java:155)
	at org.apache.maven.surefire.testng.TestNGDirectoryTestSuite.executeMulti(TestNGDirectoryTestSuite.java:169)
	at org.apache.maven.surefire.testng.TestNGDirectoryTestSuite.execute(TestNGDirectoryTestSuite.java:88)
	at org.apache.maven.surefire.testng.TestNGProvider.invoke(TestNGProvider.java:137)
	at org.apache.maven.surefire.booter.ForkedBooter.runSuitesInProcess(ForkedBooter.java:385)
	at org.apache.maven.surefire.booter.ForkedBooter.execute(ForkedBooter.java:162)
	at org.apache.maven.surefire.booter.ForkedBooter.run(ForkedBooter.java:507)
	at org.apache.maven.surefire.booter.ForkedBooter.main(ForkedBooter.java:495)
</pre></div></td>
<td>0</td>
<td>com.borkacle.bank.tests.BankAccountExceptionTest@3b938003</td></tr>
<tr>
<td title='com.borkacle.bank.tests.BankAccountLifecycleTest.testDepositInSharedAccount()'><b>testDepositInSharedAccount</b><br>Test class: com.borkacle.bank.tests.BankAccountLifecycleTest</td>
<td></td>
<td>0</td>
<td>com.borkacle.bank.tests.BankAccountLifecycleTest@78b1cc93</td></tr>
<tr>
<td title='com.borkacle.bank.tests.BankAccountGroupTest.testInvalidWithdrawal()'><b>testInvalidWithdrawal</b><br>Test class: com.borkacle.bank.tests.BankAccountGroupTest</td>
<td><div><pre>java.lang.IllegalArgumentException: Withdrawal must be positive
	at com.borkacle.bank.BankAccount.withdraw(BankAccount.java:16)
	at com.borkacle.bank.tests.BankAccountGroupTest.testInvalidWithdrawal(BankAccountGroupTest.java:43)
	at java.base/java.util.ArrayList.forEach(ArrayList.java:1597)
... Removed 30 stack frames</pre></div><a href='#' onClick='toggleBox("stack-trace501107890", this, "Click to show all stack frames", "Click to hide stack frames")'>Click to show all stack frames</a>
<div class='stack-trace' id='stack-trace501107890'><pre>java.lang.IllegalArgumentException: Withdrawal must be positive
	at com.borkacle.bank.BankAccount.withdraw(BankAccount.java:16)
	at com.borkacle.bank.tests.BankAccountGroupTest.testInvalidWithdrawal(BankAccountGroupTest.java:43)
	at java.base/jdk.internal.reflect.DirectMethodHandleAccessor.invoke(DirectMethodHandleAccessor.java:103)
	at java.base/java.lang.reflect.Method.invoke(Method.java:580)
	at org.testng.internal.MethodInvocationHelper.invokeMethod(MethodInvocationHelper.java:133)
	at org.testng.internal.TestInvoker.invokeMethod(TestInvoker.java:598)
	at org.testng.internal.TestInvoker.invokeTestMethod(TestInvoker.java:173)
	at org.testng.internal.MethodRunner.runInSequence(MethodRunner.java:46)
	at org.testng.internal.TestInvoker$MethodInvocationAgent.invoke(TestInvoker.java:824)
	at org.testng.internal.TestInvoker.invokeTestMethods(TestInvoker.java:146)
	at org.testng.internal.TestMethodWorker.invokeTestMethods(TestMethodWorker.java:146)
	at org.testng.internal.TestMethodWorker.run(TestMethodWorker.java:128)
	at java.base/java.util.ArrayList.forEach(ArrayList.java:1597)
	at org.testng.TestRunner.privateRun(TestRunner.java:794)
	at org.testng.TestRunner.run(TestRunner.java:596)
	at org.testng.SuiteRunner.runTest(SuiteRunner.java:377)
	at org.testng.SuiteRunner.runSequentially(SuiteRunner.java:371)
	at org.testng.SuiteRunner.privateRun(SuiteRunner.java:332)
	at org.testng.SuiteRunner.run(SuiteRunner.java:276)
	at org.testng.SuiteRunnerWorker.runSuite(SuiteRunnerWorker.java:53)
	at org.testng.SuiteRunnerWorker.run(SuiteRunnerWorker.java:96)
	at org.testng.TestNG.runSuitesSequentially(TestNG.java:1212)
	at org.testng.TestNG.runSuitesLocally(TestNG.java:1134)
	at org.testng.TestNG.runSuites(TestNG.java:1063)
	at org.testng.TestNG.run(TestNG.java:1031)
	at org.apache.maven.surefire.testng.TestNGExecutor.run(TestNGExecutor.java:155)
	at org.apache.maven.surefire.testng.TestNGDirectoryTestSuite.executeMulti(TestNGDirectoryTestSuite.java:169)
	at org.apache.maven.surefire.testng.TestNGDirectoryTestSuite.execute(TestNGDirectoryTestSuite.java:88)
	at org.apache.maven.surefire.testng.TestNGProvider.invoke(TestNGProvider.java:137)
	at org.apache.maven.surefire.booter.ForkedBooter.runSuitesInProcess(ForkedBooter.java:385)
	at org.apache.maven.surefire.booter.ForkedBooter.execute(ForkedBooter.java:162)
	at org.apache.maven.surefire.booter.ForkedBooter.run(ForkedBooter.java:507)
	at org.apache.maven.surefire.booter.ForkedBooter.main(ForkedBooter.java:495)
</pre></div></td>
<td>0</td>
<td>com.borkacle.bank.tests.BankAccountGroupTest@6f3b5d16</td></tr>
<tr>
<td title='com.borkacle.bank.tests.BankAccountDependencyTest.testDependentWithdrawal()'><b>testDependentWithdrawal</b><br>Test class: com.borkacle.bank.tests.BankAccountDependencyTest</td>
<td></td>
<td>0</td>
<td>com.borkacle.bank.tests.BankAccountDependencyTest@55a561cf</td></tr>
<tr>
<td title='com.borkacle.bank.tests.BankAccountTest.testDeposit()'><b>testDeposit</b><br>Test class: com.borkacle.bank.tests.BankAccountTest</td>
<td></td>
<td>0</td>
<td>com.borkacle.bank.tests.BankAccountTest@6646153</td></tr>
<tr>
<td title='com.borkacle.bank.tests.BankAccountTest.testInitialBalance()'><b>testInitialBalance</b><br>Test class: com.borkacle.bank.tests.BankAccountTest</td>
<td></td>
<td>0</td>
<td>com.borkacle.bank.tests.BankAccountTest@6646153</td></tr>
<tr>
<td title='com.borkacle.bank.tests.BankAccountDataDrivenTest.testWithdrawalWithData()'><b>testWithdrawalWithData</b><br>Test class: com.borkacle.bank.tests.BankAccountDataDrivenTest<br>Parameters: 199.99, 0.01</td>
<td></td>
<td>0</td>
<td>com.borkacle.bank.tests.BankAccountDataDrivenTest@2890c451</td></tr>
<tr>
<td title='com.borkacle.bank.tests.BankAccountDependencyTest.testInitialDeposit()'><b>testInitialDeposit</b><br>Test class: com.borkacle.bank.tests.BankAccountDependencyTest</td>
<td></td>
<td>0</td>
<td>com.borkacle.bank.tests.BankAccountDependencyTest@55a561cf</td></tr>
<tr>
<td title='com.borkacle.bank.tests.BankAccountExceptionTest.testNegativeDeposit()'><b>testNegativeDeposit</b><br>Test class: com.borkacle.bank.tests.BankAccountExceptionTest</td>
<td><div><pre>java.lang.IllegalArgumentException: Deposit must be positive
	at com.borkacle.bank.BankAccount.deposit(BankAccount.java:11)
	at com.borkacle.bank.tests.BankAccountExceptionTest.testNegativeDeposit(BankAccountExceptionTest.java:20)
	at java.base/java.util.ArrayList.forEach(ArrayList.java:1597)
... Removed 30 stack frames</pre></div><a href='#' onClick='toggleBox("stack-trace411506101", this, "Click to show all stack frames", "Click to hide stack frames")'>Click to show all stack frames</a>
<div class='stack-trace' id='stack-trace411506101'><pre>java.lang.IllegalArgumentException: Deposit must be positive
	at com.borkacle.bank.BankAccount.deposit(BankAccount.java:11)
	at com.borkacle.bank.tests.BankAccountExceptionTest.testNegativeDeposit(BankAccountExceptionTest.java:20)
	at java.base/jdk.internal.reflect.DirectMethodHandleAccessor.invoke(DirectMethodHandleAccessor.java:103)
	at java.base/java.lang.reflect.Method.invoke(Method.java:580)
	at org.testng.internal.MethodInvocationHelper.invokeMethod(MethodInvocationHelper.java:133)
	at org.testng.internal.TestInvoker.invokeMethod(TestInvoker.java:598)
	at org.testng.internal.TestInvoker.invokeTestMethod(TestInvoker.java:173)
	at org.testng.internal.MethodRunner.runInSequence(MethodRunner.java:46)
	at org.testng.internal.TestInvoker$MethodInvocationAgent.invoke(TestInvoker.java:824)
	at org.testng.internal.TestInvoker.invokeTestMethods(TestInvoker.java:146)
	at org.testng.internal.TestMethodWorker.invokeTestMethods(TestMethodWorker.java:146)
	at org.testng.internal.TestMethodWorker.run(TestMethodWorker.java:128)
	at java.base/java.util.ArrayList.forEach(ArrayList.java:1597)
	at org.testng.TestRunner.privateRun(TestRunner.java:794)
	at org.testng.TestRunner.run(TestRunner.java:596)
	at org.testng.SuiteRunner.runTest(SuiteRunner.java:377)
	at org.testng.SuiteRunner.runSequentially(SuiteRunner.java:371)
	at org.testng.SuiteRunner.privateRun(SuiteRunner.java:332)
	at org.testng.SuiteRunner.run(SuiteRunner.java:276)
	at org.testng.SuiteRunnerWorker.runSuite(SuiteRunnerWorker.java:53)
	at org.testng.SuiteRunnerWorker.run(SuiteRunnerWorker.java:96)
	at org.testng.TestNG.runSuitesSequentially(TestNG.java:1212)
	at org.testng.TestNG.runSuitesLocally(TestNG.java:1134)
	at org.testng.TestNG.runSuites(TestNG.java:1063)
	at org.testng.TestNG.run(TestNG.java:1031)
	at org.apache.maven.surefire.testng.TestNGExecutor.run(TestNGExecutor.java:155)
	at org.apache.maven.surefire.testng.TestNGDirectoryTestSuite.executeMulti(TestNGDirectoryTestSuite.java:169)
	at org.apache.maven.surefire.testng.TestNGDirectoryTestSuite.execute(TestNGDirectoryTestSuite.java:88)
	at org.apache.maven.surefire.testng.TestNGProvider.invoke(TestNGProvider.java:137)
	at org.apache.maven.surefire.booter.ForkedBooter.runSuitesInProcess(ForkedBooter.java:385)
	at org.apache.maven.surefire.booter.ForkedBooter.execute(ForkedBooter.java:162)
	at org.apache.maven.surefire.booter.ForkedBooter.run(ForkedBooter.java:507)
	at org.apache.maven.surefire.booter.ForkedBooter.main(ForkedBooter.java:495)
</pre></div></td>
<td>0</td>
<td>com.borkacle.bank.tests.BankAccountExceptionTest@3b938003</td></tr>
<tr>
<td title='com.borkacle.bank.tests.BankAccountExceptionTest.testInsufficientFunds()'><b>testInsufficientFunds</b><br>Test class: com.borkacle.bank.tests.BankAccountExceptionTest</td>
<td><div><pre>java.lang.IllegalArgumentException: Insufficient funds
	at com.borkacle.bank.BankAccount.withdraw(BankAccount.java:17)
	at com.borkacle.bank.tests.BankAccountExceptionTest.testInsufficientFunds(BankAccountExceptionTest.java:34)
	at java.base/java.util.ArrayList.forEach(ArrayList.java:1597)
... Removed 30 stack frames</pre></div><a href='#' onClick='toggleBox("stack-trace384587033", this, "Click to show all stack frames", "Click to hide stack frames")'>Click to show all stack frames</a>
<div class='stack-trace' id='stack-trace384587033'><pre>java.lang.IllegalArgumentException: Insufficient funds
	at com.borkacle.bank.BankAccount.withdraw(BankAccount.java:17)
	at com.borkacle.bank.tests.BankAccountExceptionTest.testInsufficientFunds(BankAccountExceptionTest.java:34)
	at java.base/jdk.internal.reflect.DirectMethodHandleAccessor.invoke(DirectMethodHandleAccessor.java:103)
	at java.base/java.lang.reflect.Method.invoke(Method.java:580)
	at org.testng.internal.MethodInvocationHelper.invokeMethod(MethodInvocationHelper.java:133)
	at org.testng.internal.TestInvoker.invokeMethod(TestInvoker.java:598)
	at org.testng.internal.TestInvoker.invokeTestMethod(TestInvoker.java:173)
	at org.testng.internal.MethodRunner.runInSequence(MethodRunner.java:46)
	at org.testng.internal.TestInvoker$MethodInvocationAgent.invoke(TestInvoker.java:824)
	at org.testng.internal.TestInvoker.invokeTestMethods(TestInvoker.java:146)
	at org.testng.internal.TestMethodWorker.invokeTestMethods(TestMethodWorker.java:146)
	at org.testng.internal.TestMethodWorker.run(TestMethodWorker.java:128)
	at java.base/java.util.ArrayList.forEach(ArrayList.java:1597)
	at org.testng.TestRunner.privateRun(TestRunner.java:794)
	at org.testng.TestRunner.run(TestRunner.java:596)
	at org.testng.SuiteRunner.runTest(SuiteRunner.java:377)
	at org.testng.SuiteRunner.runSequentially(SuiteRunner.java:371)
	at org.testng.SuiteRunner.privateRun(SuiteRunner.java:332)
	at org.testng.SuiteRunner.run(SuiteRunner.java:276)
	at org.testng.SuiteRunnerWorker.runSuite(SuiteRunnerWorker.java:53)
	at org.testng.SuiteRunnerWorker.run(SuiteRunnerWorker.java:96)
	at org.testng.TestNG.runSuitesSequentially(TestNG.java:1212)
	at org.testng.TestNG.runSuitesLocally(TestNG.java:1134)
	at org.testng.TestNG.runSuites(TestNG.java:1063)
	at org.testng.TestNG.run(TestNG.java:1031)
	at org.apache.maven.surefire.testng.TestNGExecutor.run(TestNGExecutor.java:155)
	at org.apache.maven.surefire.testng.TestNGDirectoryTestSuite.executeMulti(TestNGDirectoryTestSuite.java:169)
	at org.apache.maven.surefire.testng.TestNGDirectoryTestSuite.execute(TestNGDirectoryTestSuite.java:88)
	at org.apache.maven.surefire.testng.TestNGProvider.invoke(TestNGProvider.java:137)
	at org.apache.maven.surefire.booter.ForkedBooter.runSuitesInProcess(ForkedBooter.java:385)
	at org.apache.maven.surefire.booter.ForkedBooter.execute(ForkedBooter.java:162)
	at org.apache.maven.surefire.booter.ForkedBooter.run(ForkedBooter.java:507)
	at org.apache.maven.surefire.booter.ForkedBooter.main(ForkedBooter.java:495)
</pre></div></td>
<td>0</td>
<td>com.borkacle.bank.tests.BankAccountExceptionTest@3b938003</td></tr>
<tr>
<td title='com.borkacle.bank.tests.BankAccountGroupTest.testValidWithdrawal()'><b>testValidWithdrawal</b><br>Test class: com.borkacle.bank.tests.BankAccountGroupTest</td>
<td></td>
<td>0</td>
<td>com.borkacle.bank.tests.BankAccountGroupTest@6f3b5d16</td></tr>
<tr>
<td title='com.borkacle.bank.tests.BankAccountDataDrivenTest.testDepositWithData()'><b>testDepositWithData</b><br>Test class: com.borkacle.bank.tests.BankAccountDataDrivenTest<br>Parameters: 50.0, 250.0</td>
<td></td>
<td>0</td>
<td>com.borkacle.bank.tests.BankAccountDataDrivenTest@2890c451</td></tr>
<tr>
<td title='com.borkacle.bank.tests.BankAccountLifecycleTest.testWithdrawalFromSharedAccount()'><b>testWithdrawalFromSharedAccount</b><br>Test class: com.borkacle.bank.tests.BankAccountLifecycleTest</td>
<td></td>
<td>0</td>
<td>com.borkacle.bank.tests.BankAccountLifecycleTest@78b1cc93</td></tr>
<tr>
<td title='com.borkacle.bank.tests.BankAccountDataDrivenTest.testDepositWithData()'><b>testDepositWithData</b><br>Test class: com.borkacle.bank.tests.BankAccountDataDrivenTest<br>Parameters: 100.0, 300.0</td>
<td></td>
<td>0</td>
<td>com.borkacle.bank.tests.BankAccountDataDrivenTest@2890c451</td></tr>
<tr>
<td title='com.borkacle.bank.tests.BankAccountDataDrivenTest.testWithdrawalWithData()'><b>testWithdrawalWithData</b><br>Test class: com.borkacle.bank.tests.BankAccountDataDrivenTest<br>Parameters: 100.0, 100.0</td>
<td></td>
<td>0</td>
<td>com.borkacle.bank.tests.BankAccountDataDrivenTest@2890c451</td></tr>
</table><p>
</body>
</html>